The system is: Linux - 4.9.93-linuxkit-aufs - x86_64
Compiling the C compiler identification source file "CMakeCCompilerId.c" succeeded.
Compiler: /home/linaro4.9.4/bin/arm-linux-gnueabi-gcc 
Build flags: 
Id flags: 

The output was:
0


Compilation of the C compiler identification source "CMakeCCompilerId.c" produced "a.out"

The C compiler identification is GNU, found in "/home/smartvision/Branches/innerproc_2.0/build/CMakeFiles/2.8.12.2/CompilerIdC/a.out"

Compiling the CXX compiler identification source file "CMakeCXXCompilerId.cpp" succeeded.
Compiler: /home/linaro4.9.4/bin/arm-linux-gnueabi-g++ 
Build flags: 
Id flags: 

The output was:
0


Compilation of the CXX compiler identification source "CMakeCXXCompilerId.cpp" produced "a.out"

The CXX compiler identification is GNU, found in "/home/smartvision/Branches/innerproc_2.0/build/CMakeFiles/2.8.12.2/CompilerIdCXX/a.out"

Determining if the C compiler works passed with the following output:
Change Dir: /home/smartvision/Branches/innerproc_2.0/build/CMakeFiles/CMakeTmp

Run Build Command:/usr/bin/gmake "cmTryCompileExec1285768945/fast"
/usr/bin/gmake -f CMakeFiles/cmTryCompileExec1285768945.dir/build.make CMakeFiles/cmTryCompileExec1285768945.dir/build
gmake[1]: Entering directory `/home/projects/SmartVision/Branches/innerproc_2.0/build/CMakeFiles/CMakeTmp'
/usr/bin/cmake -E cmake_progress_report /home/smartvision/Branches/innerproc_2.0/build/CMakeFiles/CMakeTmp/CMakeFiles 1
Building C object CMakeFiles/cmTryCompileExec1285768945.dir/testCCompiler.c.o
/home/linaro4.9.4/bin/arm-linux-gnueabi-gcc    -o CMakeFiles/cmTryCompileExec1285768945.dir/testCCompiler.c.o   -c /home/smartvision/Branches/innerproc_2.0/build/CMakeFiles/CMakeTmp/testCCompiler.c
Linking C executable cmTryCompileExec1285768945
/usr/bin/cmake -E cmake_link_script CMakeFiles/cmTryCompileExec1285768945.dir/link.txt --verbose=1
/home/linaro4.9.4/bin/arm-linux-gnueabi-gcc      -L/home/linaro4.9.4/arm-linux-gnueabi/libc/lib -L/home/linaro4.9.4/lib CMakeFiles/cmTryCompileExec1285768945.dir/testCCompiler.c.o  -o cmTryCompileExec1285768945 -rdynamic 
gmake[1]: Leaving directory `/home/projects/SmartVision/Branches/innerproc_2.0/build/CMakeFiles/CMakeTmp'


Detecting C compiler ABI info compiled with the following output:
Change Dir: /home/smartvision/Branches/innerproc_2.0/build/CMakeFiles/CMakeTmp

Run Build Command:/usr/bin/gmake "cmTryCompileExec333189747/fast"
/usr/bin/gmake -f CMakeFiles/cmTryCompileExec333189747.dir/build.make CMakeFiles/cmTryCompileExec333189747.dir/build
gmake[1]: Entering directory `/home/projects/SmartVision/Branches/innerproc_2.0/build/CMakeFiles/CMakeTmp'
/usr/bin/cmake -E cmake_progress_report /home/smartvision/Branches/innerproc_2.0/build/CMakeFiles/CMakeTmp/CMakeFiles 1
Building C object CMakeFiles/cmTryCompileExec333189747.dir/CMakeCCompilerABI.c.o
/home/linaro4.9.4/bin/arm-linux-gnueabi-gcc    -o CMakeFiles/cmTryCompileExec333189747.dir/CMakeCCompilerABI.c.o   -c /usr/share/cmake/Modules/CMakeCCompilerABI.c
Linking C executable cmTryCompileExec333189747
/usr/bin/cmake -E cmake_link_script CMakeFiles/cmTryCompileExec333189747.dir/link.txt --verbose=1
/home/linaro4.9.4/bin/arm-linux-gnueabi-gcc     -v CMakeFiles/cmTryCompileExec333189747.dir/CMakeCCompilerABI.c.o  -o cmTryCompileExec333189747 -rdynamic  
Using built-in specs.
COLLECT_GCC=/home/linaro4.9.4/bin/arm-linux-gnueabi-gcc
COLLECT_LTO_WRAPPER=/home/linaro4.9.4/bin/../libexec/gcc/arm-linux-gnueabi/4.9.4/lto-wrapper
Target: arm-linux-gnueabi
Configured with: /home/tcwg-buildslave/workspace/tcwg-make-release/label/docker-trusty-i386-tcwg-build/target/arm-linux-gnueabi/snapshots/gcc-linaro-4.9-2017.01/configure SHELL=/bin/bash --with-mpc=/home/tcwg-buildslave/workspace/tcwg-make-release/label/docker-trusty-i386-tcwg-build/target/arm-linux-gnueabi/_build/builds/destdir/i686-pc-linux-gnu --with-mpfr=/home/tcwg-buildslave/workspace/tcwg-make-release/label/docker-trusty-i386-tcwg-build/target/arm-linux-gnueabi/_build/builds/destdir/i686-pc-linux-gnu --with-gmp=/home/tcwg-buildslave/workspace/tcwg-make-release/label/docker-trusty-i386-tcwg-build/target/arm-linux-gnueabi/_build/builds/destdir/i686-pc-linux-gnu --with-gnu-as --with-gnu-ld --disable-libmudflap --enable-lto --enable-objc-gc --enable-shared --without-included-gettext --enable-nls --disable-sjlj-exceptions --enable-gnu-unique-object --enable-linker-build-id --disable-libstdcxx-pch --enable-c99 --enable-clocale=gnu --enable-libstdcxx-debug --enable-long-long --with-cloog=no --with-ppl=no --with-isl=no --disable-multilib --with-float=soft --with-mode=thumb --with-tune=cortex-a9 --with-arch=armv7-a --with-fpu=vfpv3-d16 --enable-threads=posix --enable-multiarch --enable-libstdcxx-time=yes --with-build-sysroot=/home/tcwg-buildslave/workspace/tcwg-make-release/label/docker-trusty-i386-tcwg-build/target/arm-linux-gnueabi/_build/sysroots/arm-linux-gnueabi --with-sysroot=/home/tcwg-buildslave/workspace/tcwg-make-release/label/docker-trusty-i386-tcwg-build/target/arm-linux-gnueabi/_build/builds/destdir/i686-pc-linux-gnu/arm-linux-gnueabi/libc --enable-checking=release --disable-bootstrap --enable-languages=c,c++,fortran,lto --build=i686-pc-linux-gnu --host=i686-pc-linux-gnu --target=arm-linux-gnueabi --prefix=/home/tcwg-buildslave/workspace/tcwg-make-release/label/docker-trusty-i386-tcwg-build/target/arm-linux-gnueabi/_build/builds/destdir/i686-pc-linux-gnu
Thread model: posix
gcc version 4.9.4 (Linaro GCC 4.9-2017.01) 
COMPILER_PATH=/home/linaro4.9.4/bin/../libexec/gcc/arm-linux-gnueabi/4.9.4/:/home/linaro4.9.4/bin/../libexec/gcc/arm-linux-gnueabi/:/home/linaro4.9.4/bin/../libexec/gcc/:/home/linaro4.9.4/bin/../lib/gcc/arm-linux-gnueabi/4.9.4/../../../../arm-linux-gnueabi/bin/
LIBRARY_PATH=/home/linaro4.9.4/bin/../lib/gcc/arm-linux-gnueabi/4.9.4/:/home/linaro4.9.4/bin/../lib/gcc/arm-linux-gnueabi/:/home/linaro4.9.4/bin/../lib/gcc/:/home/linaro4.9.4/bin/../lib/gcc/arm-linux-gnueabi/4.9.4/../../../../arm-linux-gnueabi/lib/:/home/linaro4.9.4/bin/../arm-linux-gnueabi/libc/lib/:/home/linaro4.9.4/bin/../arm-linux-gnueabi/libc/usr/lib/
COLLECT_GCC_OPTIONS='-v' '-o' 'cmTryCompileExec333189747' '-rdynamic' '-march=armv7-a' '-mtune=cortex-a9' '-mfloat-abi=soft' '-mfpu=vfpv3-d16' '-mthumb' '-mtls-dialect=gnu'
 /home/linaro4.9.4/bin/../libexec/gcc/arm-linux-gnueabi/4.9.4/collect2 -plugin /home/linaro4.9.4/bin/../libexec/gcc/arm-linux-gnueabi/4.9.4/liblto_plugin.so -plugin-opt=/home/linaro4.9.4/bin/../libexec/gcc/arm-linux-gnueabi/4.9.4/lto-wrapper -plugin-opt=-fresolution=/tmp/ccG0C96S.res -plugin-opt=-pass-through=-lgcc -plugin-opt=-pass-through=-lgcc_s -plugin-opt=-pass-through=-lc -plugin-opt=-pass-through=-lgcc -plugin-opt=-pass-through=-lgcc_s --sysroot=/home/linaro4.9.4/bin/../arm-linux-gnueabi/libc --build-id --eh-frame-hdr -export-dynamic -dynamic-linker /lib/ld-linux.so.3 -X -m armelf_linux_eabi -o cmTryCompileExec333189747 /home/linaro4.9.4/bin/../arm-linux-gnueabi/libc/usr/lib/crt1.o /home/linaro4.9.4/bin/../arm-linux-gnueabi/libc/usr/lib/crti.o /home/linaro4.9.4/bin/../lib/gcc/arm-linux-gnueabi/4.9.4/crtbegin.o -L/home/linaro4.9.4/bin/../lib/gcc/arm-linux-gnueabi/4.9.4 -L/home/linaro4.9.4/bin/../lib/gcc/arm-linux-gnueabi -L/home/linaro4.9.4/bin/../lib/gcc -L/home/linaro4.9.4/bin/../lib/gcc/arm-linux-gnueabi/4.9.4/../../../../arm-linux-gnueabi/lib -L/home/linaro4.9.4/bin/../arm-linux-gnueabi/libc/lib -L/home/linaro4.9.4/bin/../arm-linux-gnueabi/libc/usr/lib CMakeFiles/cmTryCompileExec333189747.dir/CMakeCCompilerABI.c.o -lgcc --as-needed -lgcc_s --no-as-needed -lc -lgcc --as-needed -lgcc_s --no-as-needed /home/linaro4.9.4/bin/../lib/gcc/arm-linux-gnueabi/4.9.4/crtend.o /home/linaro4.9.4/bin/../arm-linux-gnueabi/libc/usr/lib/crtn.o
gmake[1]: Leaving directory `/home/projects/SmartVision/Branches/innerproc_2.0/build/CMakeFiles/CMakeTmp'


Parsed C implicit link information from above output:
  link line regex: [^( *|.*[/\])(ld|([^/\]+-)?ld|collect2)[^/\]*( |$)]
  ignore line: [Change Dir: /home/smartvision/Branches/innerproc_2.0/build/CMakeFiles/CMakeTmp]
  ignore line: []
  ignore line: [Run Build Command:/usr/bin/gmake "cmTryCompileExec333189747/fast"]
  ignore line: [/usr/bin/gmake -f CMakeFiles/cmTryCompileExec333189747.dir/build.make CMakeFiles/cmTryCompileExec333189747.dir/build]
  ignore line: [gmake[1]: Entering directory `/home/projects/SmartVision/Branches/innerproc_2.0/build/CMakeFiles/CMakeTmp']
  ignore line: [/usr/bin/cmake -E cmake_progress_report /home/smartvision/Branches/innerproc_2.0/build/CMakeFiles/CMakeTmp/CMakeFiles 1]
  ignore line: [Building C object CMakeFiles/cmTryCompileExec333189747.dir/CMakeCCompilerABI.c.o]
  ignore line: [/home/linaro4.9.4/bin/arm-linux-gnueabi-gcc    -o CMakeFiles/cmTryCompileExec333189747.dir/CMakeCCompilerABI.c.o   -c /usr/share/cmake/Modules/CMakeCCompilerABI.c]
  ignore line: [Linking C executable cmTryCompileExec333189747]
  ignore line: [/usr/bin/cmake -E cmake_link_script CMakeFiles/cmTryCompileExec333189747.dir/link.txt --verbose=1]
  ignore line: [/home/linaro4.9.4/bin/arm-linux-gnueabi-gcc     -v CMakeFiles/cmTryCompileExec333189747.dir/CMakeCCompilerABI.c.o  -o cmTryCompileExec333189747 -rdynamic  ]
  ignore line: [Using built-in specs.]
  ignore line: [COLLECT_GCC=/home/linaro4.9.4/bin/arm-linux-gnueabi-gcc]
  ignore line: [COLLECT_LTO_WRAPPER=/home/linaro4.9.4/bin/../libexec/gcc/arm-linux-gnueabi/4.9.4/lto-wrapper]
  ignore line: [Target: arm-linux-gnueabi]
  ignore line: [Configured with: /home/tcwg-buildslave/workspace/tcwg-make-release/label/docker-trusty-i386-tcwg-build/target/arm-linux-gnueabi/snapshots/gcc-linaro-4.9-2017.01/configure SHELL=/bin/bash --with-mpc=/home/tcwg-buildslave/workspace/tcwg-make-release/label/docker-trusty-i386-tcwg-build/target/arm-linux-gnueabi/_build/builds/destdir/i686-pc-linux-gnu --with-mpfr=/home/tcwg-buildslave/workspace/tcwg-make-release/label/docker-trusty-i386-tcwg-build/target/arm-linux-gnueabi/_build/builds/destdir/i686-pc-linux-gnu --with-gmp=/home/tcwg-buildslave/workspace/tcwg-make-release/label/docker-trusty-i386-tcwg-build/target/arm-linux-gnueabi/_build/builds/destdir/i686-pc-linux-gnu --with-gnu-as --with-gnu-ld --disable-libmudflap --enable-lto --enable-objc-gc --enable-shared --without-included-gettext --enable-nls --disable-sjlj-exceptions --enable-gnu-unique-object --enable-linker-build-id --disable-libstdcxx-pch --enable-c99 --enable-clocale=gnu --enable-libstdcxx-debug --enable-long-long --with-cloog=no --with-ppl=no --with-isl=no --disable-multilib --with-float=soft --with-mode=thumb --with-tune=cortex-a9 --with-arch=armv7-a --with-fpu=vfpv3-d16 --enable-threads=posix --enable-multiarch --enable-libstdcxx-time=yes --with-build-sysroot=/home/tcwg-buildslave/workspace/tcwg-make-release/label/docker-trusty-i386-tcwg-build/target/arm-linux-gnueabi/_build/sysroots/arm-linux-gnueabi --with-sysroot=/home/tcwg-buildslave/workspace/tcwg-make-release/label/docker-trusty-i386-tcwg-build/target/arm-linux-gnueabi/_build/builds/destdir/i686-pc-linux-gnu/arm-linux-gnueabi/libc --enable-checking=release --disable-bootstrap --enable-languages=c,c++,fortran,lto --build=i686-pc-linux-gnu --host=i686-pc-linux-gnu --target=arm-linux-gnueabi --prefix=/home/tcwg-buildslave/workspace/tcwg-make-release/label/docker-trusty-i386-tcwg-build/target/arm-linux-gnueabi/_build/builds/destdir/i686-pc-linux-gnu]
  ignore line: [Thread model: posix]
  ignore line: [gcc version 4.9.4 (Linaro GCC 4.9-2017.01) ]
  ignore line: [COMPILER_PATH=/home/linaro4.9.4/bin/../libexec/gcc/arm-linux-gnueabi/4.9.4/:/home/linaro4.9.4/bin/../libexec/gcc/arm-linux-gnueabi/:/home/linaro4.9.4/bin/../libexec/gcc/:/home/linaro4.9.4/bin/../lib/gcc/arm-linux-gnueabi/4.9.4/../../../../arm-linux-gnueabi/bin/]
  ignore line: [LIBRARY_PATH=/home/linaro4.9.4/bin/../lib/gcc/arm-linux-gnueabi/4.9.4/:/home/linaro4.9.4/bin/../lib/gcc/arm-linux-gnueabi/:/home/linaro4.9.4/bin/../lib/gcc/:/home/linaro4.9.4/bin/../lib/gcc/arm-linux-gnueabi/4.9.4/../../../../arm-linux-gnueabi/lib/:/home/linaro4.9.4/bin/../arm-linux-gnueabi/libc/lib/:/home/linaro4.9.4/bin/../arm-linux-gnueabi/libc/usr/lib/]
  ignore line: [COLLECT_GCC_OPTIONS='-v' '-o' 'cmTryCompileExec333189747' '-rdynamic' '-march=armv7-a' '-mtune=cortex-a9' '-mfloat-abi=soft' '-mfpu=vfpv3-d16' '-mthumb' '-mtls-dialect=gnu']
  link line: [ /home/linaro4.9.4/bin/../libexec/gcc/arm-linux-gnueabi/4.9.4/collect2 -plugin /home/linaro4.9.4/bin/../libexec/gcc/arm-linux-gnueabi/4.9.4/liblto_plugin.so -plugin-opt=/home/linaro4.9.4/bin/../libexec/gcc/arm-linux-gnueabi/4.9.4/lto-wrapper -plugin-opt=-fresolution=/tmp/ccG0C96S.res -plugin-opt=-pass-through=-lgcc -plugin-opt=-pass-through=-lgcc_s -plugin-opt=-pass-through=-lc -plugin-opt=-pass-through=-lgcc -plugin-opt=-pass-through=-lgcc_s --sysroot=/home/linaro4.9.4/bin/../arm-linux-gnueabi/libc --build-id --eh-frame-hdr -export-dynamic -dynamic-linker /lib/ld-linux.so.3 -X -m armelf_linux_eabi -o cmTryCompileExec333189747 /home/linaro4.9.4/bin/../arm-linux-gnueabi/libc/usr/lib/crt1.o /home/linaro4.9.4/bin/../arm-linux-gnueabi/libc/usr/lib/crti.o /home/linaro4.9.4/bin/../lib/gcc/arm-linux-gnueabi/4.9.4/crtbegin.o -L/home/linaro4.9.4/bin/../lib/gcc/arm-linux-gnueabi/4.9.4 -L/home/linaro4.9.4/bin/../lib/gcc/arm-linux-gnueabi -L/home/linaro4.9.4/bin/../lib/gcc -L/home/linaro4.9.4/bin/../lib/gcc/arm-linux-gnueabi/4.9.4/../../../../arm-linux-gnueabi/lib -L/home/linaro4.9.4/bin/../arm-linux-gnueabi/libc/lib -L/home/linaro4.9.4/bin/../arm-linux-gnueabi/libc/usr/lib CMakeFiles/cmTryCompileExec333189747.dir/CMakeCCompilerABI.c.o -lgcc --as-needed -lgcc_s --no-as-needed -lc -lgcc --as-needed -lgcc_s --no-as-needed /home/linaro4.9.4/bin/../lib/gcc/arm-linux-gnueabi/4.9.4/crtend.o /home/linaro4.9.4/bin/../arm-linux-gnueabi/libc/usr/lib/crtn.o]
    arg [/home/linaro4.9.4/bin/../libexec/gcc/arm-linux-gnueabi/4.9.4/collect2] ==> ignore
    arg [-plugin] ==> ignore
    arg [/home/linaro4.9.4/bin/../libexec/gcc/arm-linux-gnueabi/4.9.4/liblto_plugin.so] ==> ignore
    arg [-plugin-opt=/home/linaro4.9.4/bin/../libexec/gcc/arm-linux-gnueabi/4.9.4/lto-wrapper] ==> ignore
    arg [-plugin-opt=-fresolution=/tmp/ccG0C96S.res] ==> ignore
    arg [-plugin-opt=-pass-through=-lgcc] ==> ignore
    arg [-plugin-opt=-pass-through=-lgcc_s] ==> ignore
    arg [-plugin-opt=-pass-through=-lc] ==> ignore
    arg [-plugin-opt=-pass-through=-lgcc] ==> ignore
    arg [-plugin-opt=-pass-through=-lgcc_s] ==> ignore
    arg [--sysroot=/home/linaro4.9.4/bin/../arm-linux-gnueabi/libc] ==> ignore
    arg [--build-id] ==> ignore
    arg [--eh-frame-hdr] ==> ignore
    arg [-export-dynamic] ==> ignore
    arg [-dynamic-linker] ==> ignore
    arg [/lib/ld-linux.so.3] ==> ignore
    arg [-X] ==> ignore
    arg [-m] ==> ignore
    arg [armelf_linux_eabi] ==> ignore
    arg [-o] ==> ignore
    arg [cmTryCompileExec333189747] ==> ignore
    arg [/home/linaro4.9.4/bin/../arm-linux-gnueabi/libc/usr/lib/crt1.o] ==> ignore
    arg [/home/linaro4.9.4/bin/../arm-linux-gnueabi/libc/usr/lib/crti.o] ==> ignore
    arg [/home/linaro4.9.4/bin/../lib/gcc/arm-linux-gnueabi/4.9.4/crtbegin.o] ==> ignore
    arg [-L/home/linaro4.9.4/bin/../lib/gcc/arm-linux-gnueabi/4.9.4] ==> dir [/home/linaro4.9.4/bin/../lib/gcc/arm-linux-gnueabi/4.9.4]
    arg [-L/home/linaro4.9.4/bin/../lib/gcc/arm-linux-gnueabi] ==> dir [/home/linaro4.9.4/bin/../lib/gcc/arm-linux-gnueabi]
    arg [-L/home/linaro4.9.4/bin/../lib/gcc] ==> dir [/home/linaro4.9.4/bin/../lib/gcc]
    arg [-L/home/linaro4.9.4/bin/../lib/gcc/arm-linux-gnueabi/4.9.4/../../../../arm-linux-gnueabi/lib] ==> dir [/home/linaro4.9.4/bin/../lib/gcc/arm-linux-gnueabi/4.9.4/../../../../arm-linux-gnueabi/lib]
    arg [-L/home/linaro4.9.4/bin/../arm-linux-gnueabi/libc/lib] ==> dir [/home/linaro4.9.4/bin/../arm-linux-gnueabi/libc/lib]
    arg [-L/home/linaro4.9.4/bin/../arm-linux-gnueabi/libc/usr/lib] ==> dir [/home/linaro4.9.4/bin/../arm-linux-gnueabi/libc/usr/lib]
    arg [CMakeFiles/cmTryCompileExec333189747.dir/CMakeCCompilerABI.c.o] ==> ignore
    arg [-lgcc] ==> lib [gcc]
    arg [--as-needed] ==> ignore
    arg [-lgcc_s] ==> lib [gcc_s]
    arg [--no-as-needed] ==> ignore
    arg [-lc] ==> lib [c]
    arg [-lgcc] ==> lib [gcc]
    arg [--as-needed] ==> ignore
    arg [-lgcc_s] ==> lib [gcc_s]
    arg [--no-as-needed] ==> ignore
    arg [/home/linaro4.9.4/bin/../lib/gcc/arm-linux-gnueabi/4.9.4/crtend.o] ==> ignore
    arg [/home/linaro4.9.4/bin/../arm-linux-gnueabi/libc/usr/lib/crtn.o] ==> ignore
  remove lib [gcc]
  remove lib [gcc_s]
  remove lib [gcc]
  remove lib [gcc_s]
  collapse library dir [/home/linaro4.9.4/bin/../lib/gcc/arm-linux-gnueabi/4.9.4] ==> [/home/linaro4.9.4/lib/gcc/arm-linux-gnueabi/4.9.4]
  collapse library dir [/home/linaro4.9.4/bin/../lib/gcc/arm-linux-gnueabi] ==> [/home/linaro4.9.4/lib/gcc/arm-linux-gnueabi]
  collapse library dir [/home/linaro4.9.4/bin/../lib/gcc] ==> [/home/linaro4.9.4/lib/gcc]
  collapse library dir [/home/linaro4.9.4/bin/../lib/gcc/arm-linux-gnueabi/4.9.4/../../../../arm-linux-gnueabi/lib] ==> [/home/linaro4.9.4/arm-linux-gnueabi/lib]
  collapse library dir [/home/linaro4.9.4/bin/../arm-linux-gnueabi/libc/lib] ==> [/home/linaro4.9.4/arm-linux-gnueabi/libc/lib]
  collapse library dir [/home/linaro4.9.4/bin/../arm-linux-gnueabi/libc/usr/lib] ==> [/home/linaro4.9.4/arm-linux-gnueabi/libc/usr/lib]
  implicit libs: [c]
  implicit dirs: [/home/linaro4.9.4/lib/gcc/arm-linux-gnueabi/4.9.4;/home/linaro4.9.4/lib/gcc/arm-linux-gnueabi;/home/linaro4.9.4/lib/gcc;/home/linaro4.9.4/arm-linux-gnueabi/lib;/home/linaro4.9.4/arm-linux-gnueabi/libc/lib;/home/linaro4.9.4/arm-linux-gnueabi/libc/usr/lib]
  implicit fwks: []


Determining if the CXX compiler works passed with the following output:
Change Dir: /home/smartvision/Branches/innerproc_2.0/build/CMakeFiles/CMakeTmp

Run Build Command:/usr/bin/gmake "cmTryCompileExec623358179/fast"
/usr/bin/gmake -f CMakeFiles/cmTryCompileExec623358179.dir/build.make CMakeFiles/cmTryCompileExec623358179.dir/build
gmake[1]: Entering directory `/home/projects/SmartVision/Branches/innerproc_2.0/build/CMakeFiles/CMakeTmp'
/usr/bin/cmake -E cmake_progress_report /home/smartvision/Branches/innerproc_2.0/build/CMakeFiles/CMakeTmp/CMakeFiles 1
Building CXX object CMakeFiles/cmTryCompileExec623358179.dir/testCXXCompiler.cxx.o
/home/linaro4.9.4/bin/arm-linux-gnueabi-g++     -o CMakeFiles/cmTryCompileExec623358179.dir/testCXXCompiler.cxx.o -c /home/smartvision/Branches/innerproc_2.0/build/CMakeFiles/CMakeTmp/testCXXCompiler.cxx
Linking CXX executable cmTryCompileExec623358179
/usr/bin/cmake -E cmake_link_script CMakeFiles/cmTryCompileExec623358179.dir/link.txt --verbose=1
/home/linaro4.9.4/bin/arm-linux-gnueabi-g++       -L/home/linaro4.9.4/arm-linux-gnueabi/libc/lib -L/home/linaro4.9.4/lib CMakeFiles/cmTryCompileExec623358179.dir/testCXXCompiler.cxx.o  -o cmTryCompileExec623358179 -rdynamic 
gmake[1]: Leaving directory `/home/projects/SmartVision/Branches/innerproc_2.0/build/CMakeFiles/CMakeTmp'


Detecting CXX compiler ABI info compiled with the following output:
Change Dir: /home/smartvision/Branches/innerproc_2.0/build/CMakeFiles/CMakeTmp

Run Build Command:/usr/bin/gmake "cmTryCompileExec1209098517/fast"
/usr/bin/gmake -f CMakeFiles/cmTryCompileExec1209098517.dir/build.make CMakeFiles/cmTryCompileExec1209098517.dir/build
gmake[1]: Entering directory `/home/projects/SmartVision/Branches/innerproc_2.0/build/CMakeFiles/CMakeTmp'
/usr/bin/cmake -E cmake_progress_report /home/smartvision/Branches/innerproc_2.0/build/CMakeFiles/CMakeTmp/CMakeFiles 1
Building CXX object CMakeFiles/cmTryCompileExec1209098517.dir/CMakeCXXCompilerABI.cpp.o
/home/linaro4.9.4/bin/arm-linux-gnueabi-g++     -o CMakeFiles/cmTryCompileExec1209098517.dir/CMakeCXXCompilerABI.cpp.o -c /usr/share/cmake/Modules/CMakeCXXCompilerABI.cpp
Linking CXX executable cmTryCompileExec1209098517
/usr/bin/cmake -E cmake_link_script CMakeFiles/cmTryCompileExec1209098517.dir/link.txt --verbose=1
/home/linaro4.9.4/bin/arm-linux-gnueabi-g++      -v CMakeFiles/cmTryCompileExec1209098517.dir/CMakeCXXCompilerABI.cpp.o  -o cmTryCompileExec1209098517 -rdynamic  
Using built-in specs.
COLLECT_GCC=/home/linaro4.9.4/bin/arm-linux-gnueabi-g++
COLLECT_LTO_WRAPPER=/home/linaro4.9.4/bin/../libexec/gcc/arm-linux-gnueabi/4.9.4/lto-wrapper
Target: arm-linux-gnueabi
Configured with: /home/tcwg-buildslave/workspace/tcwg-make-release/label/docker-trusty-i386-tcwg-build/target/arm-linux-gnueabi/snapshots/gcc-linaro-4.9-2017.01/configure SHELL=/bin/bash --with-mpc=/home/tcwg-buildslave/workspace/tcwg-make-release/label/docker-trusty-i386-tcwg-build/target/arm-linux-gnueabi/_build/builds/destdir/i686-pc-linux-gnu --with-mpfr=/home/tcwg-buildslave/workspace/tcwg-make-release/label/docker-trusty-i386-tcwg-build/target/arm-linux-gnueabi/_build/builds/destdir/i686-pc-linux-gnu --with-gmp=/home/tcwg-buildslave/workspace/tcwg-make-release/label/docker-trusty-i386-tcwg-build/target/arm-linux-gnueabi/_build/builds/destdir/i686-pc-linux-gnu --with-gnu-as --with-gnu-ld --disable-libmudflap --enable-lto --enable-objc-gc --enable-shared --without-included-gettext --enable-nls --disable-sjlj-exceptions --enable-gnu-unique-object --enable-linker-build-id --disable-libstdcxx-pch --enable-c99 --enable-clocale=gnu --enable-libstdcxx-debug --enable-long-long --with-cloog=no --with-ppl=no --with-isl=no --disable-multilib --with-float=soft --with-mode=thumb --with-tune=cortex-a9 --with-arch=armv7-a --with-fpu=vfpv3-d16 --enable-threads=posix --enable-multiarch --enable-libstdcxx-time=yes --with-build-sysroot=/home/tcwg-buildslave/workspace/tcwg-make-release/label/docker-trusty-i386-tcwg-build/target/arm-linux-gnueabi/_build/sysroots/arm-linux-gnueabi --with-sysroot=/home/tcwg-buildslave/workspace/tcwg-make-release/label/docker-trusty-i386-tcwg-build/target/arm-linux-gnueabi/_build/builds/destdir/i686-pc-linux-gnu/arm-linux-gnueabi/libc --enable-checking=release --disable-bootstrap --enable-languages=c,c++,fortran,lto --build=i686-pc-linux-gnu --host=i686-pc-linux-gnu --target=arm-linux-gnueabi --prefix=/home/tcwg-buildslave/workspace/tcwg-make-release/label/docker-trusty-i386-tcwg-build/target/arm-linux-gnueabi/_build/builds/destdir/i686-pc-linux-gnu
Thread model: posix
gcc version 4.9.4 (Linaro GCC 4.9-2017.01) 
COMPILER_PATH=/home/linaro4.9.4/bin/../libexec/gcc/arm-linux-gnueabi/4.9.4/:/home/linaro4.9.4/bin/../libexec/gcc/arm-linux-gnueabi/:/home/linaro4.9.4/bin/../libexec/gcc/:/home/linaro4.9.4/bin/../lib/gcc/arm-linux-gnueabi/4.9.4/../../../../arm-linux-gnueabi/bin/
LIBRARY_PATH=/home/linaro4.9.4/bin/../lib/gcc/arm-linux-gnueabi/4.9.4/:/home/linaro4.9.4/bin/../lib/gcc/arm-linux-gnueabi/:/home/linaro4.9.4/bin/../lib/gcc/:/home/linaro4.9.4/bin/../lib/gcc/arm-linux-gnueabi/4.9.4/../../../../arm-linux-gnueabi/lib/:/home/linaro4.9.4/bin/../arm-linux-gnueabi/libc/lib/:/home/linaro4.9.4/bin/../arm-linux-gnueabi/libc/usr/lib/
COLLECT_GCC_OPTIONS='-v' '-o' 'cmTryCompileExec1209098517' '-rdynamic' '-shared-libgcc' '-march=armv7-a' '-mtune=cortex-a9' '-mfloat-abi=soft' '-mfpu=vfpv3-d16' '-mthumb' '-mtls-dialect=gnu'
 /home/linaro4.9.4/bin/../libexec/gcc/arm-linux-gnueabi/4.9.4/collect2 -plugin /home/linaro4.9.4/bin/../libexec/gcc/arm-linux-gnueabi/4.9.4/liblto_plugin.so -plugin-opt=/home/linaro4.9.4/bin/../libexec/gcc/arm-linux-gnueabi/4.9.4/lto-wrapper -plugin-opt=-fresolution=/tmp/ccTV2QgH.res -plugin-opt=-pass-through=-lgcc_s -plugin-opt=-pass-through=-lgcc -plugin-opt=-pass-through=-lc -plugin-opt=-pass-through=-lgcc_s -plugin-opt=-pass-through=-lgcc --sysroot=/home/linaro4.9.4/bin/../arm-linux-gnueabi/libc --build-id --eh-frame-hdr -export-dynamic -dynamic-linker /lib/ld-linux.so.3 -X -m armelf_linux_eabi -o cmTryCompileExec1209098517 /home/linaro4.9.4/bin/../arm-linux-gnueabi/libc/usr/lib/crt1.o /home/linaro4.9.4/bin/../arm-linux-gnueabi/libc/usr/lib/crti.o /home/linaro4.9.4/bin/../lib/gcc/arm-linux-gnueabi/4.9.4/crtbegin.o -L/home/linaro4.9.4/bin/../lib/gcc/arm-linux-gnueabi/4.9.4 -L/home/linaro4.9.4/bin/../lib/gcc/arm-linux-gnueabi -L/home/linaro4.9.4/bin/../lib/gcc -L/home/linaro4.9.4/bin/../lib/gcc/arm-linux-gnueabi/4.9.4/../../../../arm-linux-gnueabi/lib -L/home/linaro4.9.4/bin/../arm-linux-gnueabi/libc/lib -L/home/linaro4.9.4/bin/../arm-linux-gnueabi/libc/usr/lib CMakeFiles/cmTryCompileExec1209098517.dir/CMakeCXXCompilerABI.cpp.o -lstdc++ -lm -lgcc_s -lgcc -lc -lgcc_s -lgcc /home/linaro4.9.4/bin/../lib/gcc/arm-linux-gnueabi/4.9.4/crtend.o /home/linaro4.9.4/bin/../arm-linux-gnueabi/libc/usr/lib/crtn.o
gmake[1]: Leaving directory `/home/projects/SmartVision/Branches/innerproc_2.0/build/CMakeFiles/CMakeTmp'


Parsed CXX implicit link information from above output:
  link line regex: [^( *|.*[/\])(ld|([^/\]+-)?ld|collect2)[^/\]*( |$)]
  ignore line: [Change Dir: /home/smartvision/Branches/innerproc_2.0/build/CMakeFiles/CMakeTmp]
  ignore line: []
  ignore line: [Run Build Command:/usr/bin/gmake "cmTryCompileExec1209098517/fast"]
  ignore line: [/usr/bin/gmake -f CMakeFiles/cmTryCompileExec1209098517.dir/build.make CMakeFiles/cmTryCompileExec1209098517.dir/build]
  ignore line: [gmake[1]: Entering directory `/home/projects/SmartVision/Branches/innerproc_2.0/build/CMakeFiles/CMakeTmp']
  ignore line: [/usr/bin/cmake -E cmake_progress_report /home/smartvision/Branches/innerproc_2.0/build/CMakeFiles/CMakeTmp/CMakeFiles 1]
  ignore line: [Building CXX object CMakeFiles/cmTryCompileExec1209098517.dir/CMakeCXXCompilerABI.cpp.o]
  ignore line: [/home/linaro4.9.4/bin/arm-linux-gnueabi-g++     -o CMakeFiles/cmTryCompileExec1209098517.dir/CMakeCXXCompilerABI.cpp.o -c /usr/share/cmake/Modules/CMakeCXXCompilerABI.cpp]
  ignore line: [Linking CXX executable cmTryCompileExec1209098517]
  ignore line: [/usr/bin/cmake -E cmake_link_script CMakeFiles/cmTryCompileExec1209098517.dir/link.txt --verbose=1]
  ignore line: [/home/linaro4.9.4/bin/arm-linux-gnueabi-g++      -v CMakeFiles/cmTryCompileExec1209098517.dir/CMakeCXXCompilerABI.cpp.o  -o cmTryCompileExec1209098517 -rdynamic  ]
  ignore line: [Using built-in specs.]
  ignore line: [COLLECT_GCC=/home/linaro4.9.4/bin/arm-linux-gnueabi-g++]
  ignore line: [COLLECT_LTO_WRAPPER=/home/linaro4.9.4/bin/../libexec/gcc/arm-linux-gnueabi/4.9.4/lto-wrapper]
  ignore line: [Target: arm-linux-gnueabi]
  ignore line: [Configured with: /home/tcwg-buildslave/workspace/tcwg-make-release/label/docker-trusty-i386-tcwg-build/target/arm-linux-gnueabi/snapshots/gcc-linaro-4.9-2017.01/configure SHELL=/bin/bash --with-mpc=/home/tcwg-buildslave/workspace/tcwg-make-release/label/docker-trusty-i386-tcwg-build/target/arm-linux-gnueabi/_build/builds/destdir/i686-pc-linux-gnu --with-mpfr=/home/tcwg-buildslave/workspace/tcwg-make-release/label/docker-trusty-i386-tcwg-build/target/arm-linux-gnueabi/_build/builds/destdir/i686-pc-linux-gnu --with-gmp=/home/tcwg-buildslave/workspace/tcwg-make-release/label/docker-trusty-i386-tcwg-build/target/arm-linux-gnueabi/_build/builds/destdir/i686-pc-linux-gnu --with-gnu-as --with-gnu-ld --disable-libmudflap --enable-lto --enable-objc-gc --enable-shared --without-included-gettext --enable-nls --disable-sjlj-exceptions --enable-gnu-unique-object --enable-linker-build-id --disable-libstdcxx-pch --enable-c99 --enable-clocale=gnu --enable-libstdcxx-debug --enable-long-long --with-cloog=no --with-ppl=no --with-isl=no --disable-multilib --with-float=soft --with-mode=thumb --with-tune=cortex-a9 --with-arch=armv7-a --with-fpu=vfpv3-d16 --enable-threads=posix --enable-multiarch --enable-libstdcxx-time=yes --with-build-sysroot=/home/tcwg-buildslave/workspace/tcwg-make-release/label/docker-trusty-i386-tcwg-build/target/arm-linux-gnueabi/_build/sysroots/arm-linux-gnueabi --with-sysroot=/home/tcwg-buildslave/workspace/tcwg-make-release/label/docker-trusty-i386-tcwg-build/target/arm-linux-gnueabi/_build/builds/destdir/i686-pc-linux-gnu/arm-linux-gnueabi/libc --enable-checking=release --disable-bootstrap --enable-languages=c,c++,fortran,lto --build=i686-pc-linux-gnu --host=i686-pc-linux-gnu --target=arm-linux-gnueabi --prefix=/home/tcwg-buildslave/workspace/tcwg-make-release/label/docker-trusty-i386-tcwg-build/target/arm-linux-gnueabi/_build/builds/destdir/i686-pc-linux-gnu]
  ignore line: [Thread model: posix]
  ignore line: [gcc version 4.9.4 (Linaro GCC 4.9-2017.01) ]
  ignore line: [COMPILER_PATH=/home/linaro4.9.4/bin/../libexec/gcc/arm-linux-gnueabi/4.9.4/:/home/linaro4.9.4/bin/../libexec/gcc/arm-linux-gnueabi/:/home/linaro4.9.4/bin/../libexec/gcc/:/home/linaro4.9.4/bin/../lib/gcc/arm-linux-gnueabi/4.9.4/../../../../arm-linux-gnueabi/bin/]
  ignore line: [LIBRARY_PATH=/home/linaro4.9.4/bin/../lib/gcc/arm-linux-gnueabi/4.9.4/:/home/linaro4.9.4/bin/../lib/gcc/arm-linux-gnueabi/:/home/linaro4.9.4/bin/../lib/gcc/:/home/linaro4.9.4/bin/../lib/gcc/arm-linux-gnueabi/4.9.4/../../../../arm-linux-gnueabi/lib/:/home/linaro4.9.4/bin/../arm-linux-gnueabi/libc/lib/:/home/linaro4.9.4/bin/../arm-linux-gnueabi/libc/usr/lib/]
  ignore line: [COLLECT_GCC_OPTIONS='-v' '-o' 'cmTryCompileExec1209098517' '-rdynamic' '-shared-libgcc' '-march=armv7-a' '-mtune=cortex-a9' '-mfloat-abi=soft' '-mfpu=vfpv3-d16' '-mthumb' '-mtls-dialect=gnu']
  link line: [ /home/linaro4.9.4/bin/../libexec/gcc/arm-linux-gnueabi/4.9.4/collect2 -plugin /home/linaro4.9.4/bin/../libexec/gcc/arm-linux-gnueabi/4.9.4/liblto_plugin.so -plugin-opt=/home/linaro4.9.4/bin/../libexec/gcc/arm-linux-gnueabi/4.9.4/lto-wrapper -plugin-opt=-fresolution=/tmp/ccTV2QgH.res -plugin-opt=-pass-through=-lgcc_s -plugin-opt=-pass-through=-lgcc -plugin-opt=-pass-through=-lc -plugin-opt=-pass-through=-lgcc_s -plugin-opt=-pass-through=-lgcc --sysroot=/home/linaro4.9.4/bin/../arm-linux-gnueabi/libc --build-id --eh-frame-hdr -export-dynamic -dynamic-linker /lib/ld-linux.so.3 -X -m armelf_linux_eabi -o cmTryCompileExec1209098517 /home/linaro4.9.4/bin/../arm-linux-gnueabi/libc/usr/lib/crt1.o /home/linaro4.9.4/bin/../arm-linux-gnueabi/libc/usr/lib/crti.o /home/linaro4.9.4/bin/../lib/gcc/arm-linux-gnueabi/4.9.4/crtbegin.o -L/home/linaro4.9.4/bin/../lib/gcc/arm-linux-gnueabi/4.9.4 -L/home/linaro4.9.4/bin/../lib/gcc/arm-linux-gnueabi -L/home/linaro4.9.4/bin/../lib/gcc -L/home/linaro4.9.4/bin/../lib/gcc/arm-linux-gnueabi/4.9.4/../../../../arm-linux-gnueabi/lib -L/home/linaro4.9.4/bin/../arm-linux-gnueabi/libc/lib -L/home/linaro4.9.4/bin/../arm-linux-gnueabi/libc/usr/lib CMakeFiles/cmTryCompileExec1209098517.dir/CMakeCXXCompilerABI.cpp.o -lstdc++ -lm -lgcc_s -lgcc -lc -lgcc_s -lgcc /home/linaro4.9.4/bin/../lib/gcc/arm-linux-gnueabi/4.9.4/crtend.o /home/linaro4.9.4/bin/../arm-linux-gnueabi/libc/usr/lib/crtn.o]
    arg [/home/linaro4.9.4/bin/../libexec/gcc/arm-linux-gnueabi/4.9.4/collect2] ==> ignore
    arg [-plugin] ==> ignore
    arg [/home/linaro4.9.4/bin/../libexec/gcc/arm-linux-gnueabi/4.9.4/liblto_plugin.so] ==> ignore
    arg [-plugin-opt=/home/linaro4.9.4/bin/../libexec/gcc/arm-linux-gnueabi/4.9.4/lto-wrapper] ==> ignore
    arg [-plugin-opt=-fresolution=/tmp/ccTV2QgH.res] ==> ignore
    arg [-plugin-opt=-pass-through=-lgcc_s] ==> ignore
    arg [-plugin-opt=-pass-through=-lgcc] ==> ignore
    arg [-plugin-opt=-pass-through=-lc] ==> ignore
    arg [-plugin-opt=-pass-through=-lgcc_s] ==> ignore
    arg [-plugin-opt=-pass-through=-lgcc] ==> ignore
    arg [--sysroot=/home/linaro4.9.4/bin/../arm-linux-gnueabi/libc] ==> ignore
    arg [--build-id] ==> ignore
    arg [--eh-frame-hdr] ==> ignore
    arg [-export-dynamic] ==> ignore
    arg [-dynamic-linker] ==> ignore
    arg [/lib/ld-linux.so.3] ==> ignore
    arg [-X] ==> ignore
    arg [-m] ==> ignore
    arg [armelf_linux_eabi] ==> ignore
    arg [-o] ==> ignore
    arg [cmTryCompileExec1209098517] ==> ignore
    arg [/home/linaro4.9.4/bin/../arm-linux-gnueabi/libc/usr/lib/crt1.o] ==> ignore
    arg [/home/linaro4.9.4/bin/../arm-linux-gnueabi/libc/usr/lib/crti.o] ==> ignore
    arg [/home/linaro4.9.4/bin/../lib/gcc/arm-linux-gnueabi/4.9.4/crtbegin.o] ==> ignore
    arg [-L/home/linaro4.9.4/bin/../lib/gcc/arm-linux-gnueabi/4.9.4] ==> dir [/home/linaro4.9.4/bin/../lib/gcc/arm-linux-gnueabi/4.9.4]
    arg [-L/home/linaro4.9.4/bin/../lib/gcc/arm-linux-gnueabi] ==> dir [/home/linaro4.9.4/bin/../lib/gcc/arm-linux-gnueabi]
    arg [-L/home/linaro4.9.4/bin/../lib/gcc] ==> dir [/home/linaro4.9.4/bin/../lib/gcc]
    arg [-L/home/linaro4.9.4/bin/../lib/gcc/arm-linux-gnueabi/4.9.4/../../../../arm-linux-gnueabi/lib] ==> dir [/home/linaro4.9.4/bin/../lib/gcc/arm-linux-gnueabi/4.9.4/../../../../arm-linux-gnueabi/lib]
    arg [-L/home/linaro4.9.4/bin/../arm-linux-gnueabi/libc/lib] ==> dir [/home/linaro4.9.4/bin/../arm-linux-gnueabi/libc/lib]
    arg [-L/home/linaro4.9.4/bin/../arm-linux-gnueabi/libc/usr/lib] ==> dir [/home/linaro4.9.4/bin/../arm-linux-gnueabi/libc/usr/lib]
    arg [CMakeFiles/cmTryCompileExec1209098517.dir/CMakeCXXCompilerABI.cpp.o] ==> ignore
    arg [-lstdc++] ==> lib [stdc++]
    arg [-lm] ==> lib [m]
    arg [-lgcc_s] ==> lib [gcc_s]
    arg [-lgcc] ==> lib [gcc]
    arg [-lc] ==> lib [c]
    arg [-lgcc_s] ==> lib [gcc_s]
    arg [-lgcc] ==> lib [gcc]
    arg [/home/linaro4.9.4/bin/../lib/gcc/arm-linux-gnueabi/4.9.4/crtend.o] ==> ignore
    arg [/home/linaro4.9.4/bin/../arm-linux-gnueabi/libc/usr/lib/crtn.o] ==> ignore
  remove lib [gcc_s]
  remove lib [gcc]
  remove lib [gcc_s]
  remove lib [gcc]
  collapse library dir [/home/linaro4.9.4/bin/../lib/gcc/arm-linux-gnueabi/4.9.4] ==> [/home/linaro4.9.4/lib/gcc/arm-linux-gnueabi/4.9.4]
  collapse library dir [/home/linaro4.9.4/bin/../lib/gcc/arm-linux-gnueabi] ==> [/home/linaro4.9.4/lib/gcc/arm-linux-gnueabi]
  collapse library dir [/home/linaro4.9.4/bin/../lib/gcc] ==> [/home/linaro4.9.4/lib/gcc]
  collapse library dir [/home/linaro4.9.4/bin/../lib/gcc/arm-linux-gnueabi/4.9.4/../../../../arm-linux-gnueabi/lib] ==> [/home/linaro4.9.4/arm-linux-gnueabi/lib]
  collapse library dir [/home/linaro4.9.4/bin/../arm-linux-gnueabi/libc/lib] ==> [/home/linaro4.9.4/arm-linux-gnueabi/libc/lib]
  collapse library dir [/home/linaro4.9.4/bin/../arm-linux-gnueabi/libc/usr/lib] ==> [/home/linaro4.9.4/arm-linux-gnueabi/libc/usr/lib]
  implicit libs: [stdc++;m;c]
  implicit dirs: [/home/linaro4.9.4/lib/gcc/arm-linux-gnueabi/4.9.4;/home/linaro4.9.4/lib/gcc/arm-linux-gnueabi;/home/linaro4.9.4/lib/gcc;/home/linaro4.9.4/arm-linux-gnueabi/lib;/home/linaro4.9.4/arm-linux-gnueabi/libc/lib;/home/linaro4.9.4/arm-linux-gnueabi/libc/usr/lib]
  implicit fwks: []


